<?xml version="1.0" encoding="UTF-8"?>
<!-- Generated by org.testng.reporters.JUnitXMLReporter -->
<testsuite hostname="Bablu-PC" ignored="0" name="Default test" tests="5" failures="0" timestamp="12 Apr 2018 13:34:28 GMT" time="426.402" errors="0">
  <testcase name="CRe4_2252_2253_2254_2255" time="40.34" classname="com.create4.execution.Compsub_flow_TS_160"/>
  <testcase name="CRe4_2259" time="9.809" classname="com.create4.execution.Compsub_flow_TS_160"/>
  <testcase name="CRe4_2264" time="96.27" classname="com.create4.execution.Compsub_flow_TS_160"/>
  <testcase name="CRe4_2276" time="19.3" classname="com.create4.execution.Compsub_flow_TS_160"/>
  <testcase name="CRe4_CRe4_2260_2261_2262_2263" time="219.283" classname="com.create4.execution.Compsub_flow_TS_160"/>
</testsuite> <!-- Default test -->
